Base path: K:/Program Files (x86)/Unity/Editor/Data
Pipe name: \\.\pipe\UnityShaderCompiler-8-10400
Cmd: getPlatforms
Cmd: compileSnippet
  api=4 type=0 insize=25021 outsize=5540 kw=DIRECTIONAL SHADOWS_OFF LIGHTMAP_OFF DIRLIGHTMAP_OFF VERTEXLIGHT_ON MARMO_BOX_PROJECTION_OFF MARMO_SKY_BLEND_OFF ok=1
Cmd: compileSnippet
  api=0 type=0 insize=25021 outsize=8992 kw=DIRECTIONAL SHADOWS_OFF LIGHTMAP_OFF DIRLIGHTMAP_OFF MARMO_BOX_PROJECTION_OFF MARMO_SKY_BLEND_ON ok=1
Cmd: compileSnippet
  api=1 type=0 insize=25021 outsize=1232 kw=DIRECTIONAL SHADOWS_SCREEN LIGHTMAP_OFF DIRLIGHTMAP_OFF MARMO_SKY_BLEND_OFF MARMO_BOX_PROJECTION_ON ok=1
Cmd: compileSnippet
  api=4 type=0 insize=25021 outsize=5653 kw=DIRECTIONAL SHADOWS_OFF LIGHTMAP_OFF DIRLIGHTMAP_OFF VERTEXLIGHT_ON MARMO_SKY_BLEND_OFF MARMO_BOX_PROJECTION_ON ok=1
Cmd: compileSnippet
  api=1 type=0 insize=25021 outsize=1091 kw=DIRECTIONAL SHADOWS_OFF LIGHTMAP_OFF DIRLIGHTMAP_OFF MARMO_BOX_PROJECTION_ON MARMO_SKY_BLEND_ON ok=1
Cmd: compileSnippet
  api=0 type=0 insize=25021 outsize=12058 kw=DIRECTIONAL SHADOWS_OFF LIGHTMAP_OFF DIRLIGHTMAP_OFF VERTEXLIGHT_ON MARMO_BOX_PROJECTION_ON MARMO_SKY_BLEND_ON ok=1
Cmd: compileSnippet
  api=0 type=0 insize=14075 outsize=3666 kw=POINT_COOKIE SHADOWS_OFF MARMO_BOX_PROJECTION_OFF MARMO_SKY_BLEND_OFF ok=1
Cmd: compileSnippet
  api=4 type=0 insize=14075 outsize=3622 kw=SPOT SHADOWS_DEPTH MARMO_BOX_PROJECTION_OFF MARMO_SKY_BLEND_OFF ok=1
Cmd: compileSnippet
  api=4 type=0 insize=14075 outsize=2850 kw=DIRECTIONAL SHADOWS_SCREEN MARMO_BOX_PROJECTION_OFF MARMO_SKY_BLEND_OFF ok=1
Cmd: compileSnippet
  api=0 type=0 insize=14075 outsize=4469 kw=POINT SHADOWS_CUBE MARMO_BOX_PROJECTION_OFF MARMO_SKY_BLEND_OFF ok=1
Cmd: compileSnippet
  api=4 type=0 insize=14075 outsize=3354 kw=POINT SHADOWS_CUBE SHADOWS_SOFT MARMO_BOX_PROJECTION_OFF MARMO_SKY_BLEND_OFF ok=1
Cmd: compileSnippet
  api=4 type=0 insize=14075 outsize=3354 kw=POINT_COOKIE SHADOWS_CUBE SHADOWS_SOFT MARMO_BOX_PROJECTION_OFF MARMO_SKY_BLEND_OFF ok=1
Cmd: compileSnippet
  api=0 type=0 insize=14075 outsize=3414 kw=DIRECTIONAL SHADOWS_OFF MARMO_BOX_PROJECTION_OFF MARMO_SKY_BLEND_ON ok=1
Cmd: compileSnippet
  api=1 type=0 insize=14075 outsize=644 kw=SPOT SHADOWS_DEPTH MARMO_BOX_PROJECTION_OFF MARMO_SKY_BLEND_ON ok=1
Cmd: compileSnippet
  api=4 type=0 insize=14075 outsize=3622 kw=SPOT SHADOWS_DEPTH SHADOWS_NATIVE MARMO_BOX_PROJECTION_OFF MARMO_SKY_BLEND_ON ok=1
Cmd: compileSnippet
  api=1 type=0 insize=14075 outsize=661 kw=DIRECTIONAL_COOKIE SHADOWS_SCREEN MARMO_BOX_PROJECTION_OFF MARMO_SKY_BLEND_ON ok=1
Cmd: compileSnippet
  api=0 type=0 insize=14075 outsize=4745 kw=POINT_COOKIE SHADOWS_CUBE MARMO_BOX_PROJECTION_OFF MARMO_SKY_BLEND_ON ok=1
Cmd: compileSnippet
  api=4 type=0 insize=14075 outsize=3354 kw=POINT_COOKIE SHADOWS_CUBE SHADOWS_SOFT MARMO_BOX_PROJECTION_OFF MARMO_SKY_BLEND_ON ok=1
Cmd: compileSnippet
  api=4 type=0 insize=14075 outsize=3208 kw=POINT SHADOWS_OFF MARMO_SKY_BLEND_OFF MARMO_BOX_PROJECTION_ON ok=1
Cmd: compileSnippet
  api=1 type=0 insize=14075 outsize=554 kw=SPOT SHADOWS_OFF MARMO_SKY_BLEND_OFF MARMO_BOX_PROJECTION_ON ok=1
Cmd: compileSnippet
  api=1 type=0 insize=14075 outsize=536 kw=POINT_COOKIE SHADOWS_OFF MARMO_SKY_BLEND_OFF MARMO_BOX_PROJECTION_ON ok=1
Cmd: compileSnippet
  api=4 type=0 insize=14075 outsize=3622 kw=SPOT SHADOWS_DEPTH MARMO_SKY_BLEND_OFF MARMO_BOX_PROJECTION_ON ok=1
Cmd: compileSnippet
  api=1 type=0 insize=14075 outsize=591 kw=DIRECTIONAL SHADOWS_SCREEN MARMO_SKY_BLEND_OFF MARMO_BOX_PROJECTION_ON ok=1
Cmd: compileSnippet
  api=0 type=0 insize=14075 outsize=4469 kw=POINT SHADOWS_CUBE MARMO_SKY_BLEND_OFF MARMO_BOX_PROJECTION_ON ok=1
Cmd: compileSnippet
  api=0 type=0 insize=14075 outsize=5700 kw=POINT_COOKIE SHADOWS_CUBE SHADOWS_SOFT MARMO_SKY_BLEND_OFF MARMO_BOX_PROJECTION_ON ok=1
Cmd: compileSnippet
  api=1 type=0 insize=14075 outsize=513 kw=DIRECTIONAL_COOKIE SHADOWS_OFF MARMO_BOX_PROJECTION_ON MARMO_SKY_BLEND_ON ok=1
Cmd: compileSnippet
  api=4 type=0 insize=14075 outsize=3622 kw=SPOT SHADOWS_DEPTH MARMO_BOX_PROJECTION_ON MARMO_SKY_BLEND_ON ok=1
Cmd: compileSnippet
  api=0 type=0 insize=14075 outsize=3872 kw=DIRECTIONAL SHADOWS_SCREEN MARMO_BOX_PROJECTION_ON MARMO_SKY_BLEND_ON ok=1
Cmd: compileSnippet
  api=4 type=0 insize=14075 outsize=3622 kw=SPOT SHADOWS_DEPTH SHADOWS_SOFT MARMO_BOX_PROJECTION_ON MARMO_SKY_BLEND_ON ok=1
Cmd: compileSnippet
  api=0 type=0 insize=14075 outsize=5714 kw=POINT SHADOWS_CUBE SHADOWS_SOFT MARMO_BOX_PROJECTION_ON MARMO_SKY_BLEND_ON ok=1
Cmd: compileSnippet
  api=0 type=0 insize=11924 outsize=2183 kw=MARMO_SKY_BLEND_OFF MARMO_BOX_PROJECTION_ON ok=1
Cmd: compileSnippet
  api=0 type=0 insize=22342 outsize=9569 kw=LIGHTMAP_OFF DIRLIGHTMAP_OFF MARMO_BOX_PROJECTION_OFF MARMO_SKY_BLEND_ON HDR_LIGHT_PREPASS_OFF ok=1
Cmd: compileSnippet
  api=4 type=0 insize=22342 outsize=4760 kw=LIGHTMAP_OFF DIRLIGHTMAP_OFF MARMO_BOX_PROJECTION_ON MARMO_SKY_BLEND_ON HDR_LIGHT_PREPASS_OFF ok=1
Cmd: compileSnippet
  api=0 type=0 insize=1065 outsize=396 kw= ok=1
Cmd: compileSnippet
  api=4 type=0 insize=25021 outsize=3289 kw=DIRECTIONAL SHADOWS_OFF LIGHTMAP_ON DIRLIGHTMAP_OFF MARMO_BOX_PROJECTION_OFF MARMO_SKY_BLEND_OFF ok=1
Cmd: compileSnippet
  api=4 type=0 insize=25021 outsize=3647 kw=DIRECTIONAL SHADOWS_SCREEN LIGHTMAP_ON DIRLIGHTMAP_OFF MARMO_BOX_PROJECTION_OFF MARMO_SKY_BLEND_OFF ok=1
Cmd: compileSnippet
  api=0 type=0 insize=25021 outsize=7846 kw=DIRECTIONAL SHADOWS_OFF LIGHTMAP_ON DIRLIGHTMAP_OFF MARMO_BOX_PROJECTION_OFF MARMO_SKY_BLEND_ON ok=1
Cmd: compileSnippet
  api=1 type=0 insize=25021 outsize=744 kw=DIRECTIONAL SHADOWS_OFF LIGHTMAP_ON DIRLIGHTMAP_OFF MARMO_SKY_BLEND_OFF MARMO_BOX_PROJECTION_ON ok=1
Cmd: compileSnippet
  api=4 type=0 insize=25021 outsize=3679 kw=DIRECTIONAL SHADOWS_OFF LIGHTMAP_ON DIRLIGHTMAP_ON MARMO_SKY_BLEND_OFF MARMO_BOX_PROJECTION_ON ok=1
Cmd: compileSnippet
  api=4 type=0 insize=25021 outsize=3760 kw=DIRECTIONAL SHADOWS_SCREEN LIGHTMAP_ON DIRLIGHTMAP_OFF MARMO_SKY_BLEND_OFF MARMO_BOX_PROJECTION_ON ok=1
Cmd: compileSnippet
  api=1 type=0 insize=25021 outsize=744 kw=DIRECTIONAL SHADOWS_OFF LIGHTMAP_ON DIRLIGHTMAP_OFF MARMO_BOX_PROJECTION_ON MARMO_SKY_BLEND_ON ok=1
Cmd: compileSnippet
  api=4 type=0 insize=25021 outsize=3679 kw=DIRECTIONAL SHADOWS_OFF LIGHTMAP_ON DIRLIGHTMAP_ON MARMO_BOX_PROJECTION_ON MARMO_SKY_BLEND_ON ok=1
Cmd: compileSnippet
  api=1 type=0 insize=25021 outsize=1029 kw=DIRECTIONAL SHADOWS_SCREEN LIGHTMAP_ON DIRLIGHTMAP_ON MARMO_BOX_PROJECTION_ON MARMO_SKY_BLEND_ON ok=1
Cmd: compileSnippet
  api=1 type=1 insize=25021 outsize=3007 kw=DIRECTIONAL SHADOWS_OFF LIGHTMAP_ON DIRLIGHTMAP_ON MARMO_BOX_PROJECTION_OFF MARMO_SKY_BLEND_OFF ok=1
Cmd: compileSnippet
  api=1 type=1 insize=25021 outsize=3181 kw=DIRECTIONAL SHADOWS_SCREEN LIGHTMAP_ON DIRLIGHTMAP_ON MARMO_BOX_PROJECTION_OFF MARMO_SKY_BLEND_OFF ok=1
Cmd: compileSnippet
  api=0 type=1 insize=25021 outsize=6 kw=DIRECTIONAL SHADOWS_OFF LIGHTMAP_ON DIRLIGHTMAP_OFF MARMO_BOX_PROJECTION_OFF MARMO_SKY_BLEND_ON ok=1
Cmd: compileSnippet
  api=1 type=1 insize=25021 outsize=3222 kw=DIRECTIONAL SHADOWS_OFF LIGHTMAP_ON DIRLIGHTMAP_OFF MARMO_BOX_PROJECTION_OFF MARMO_SKY_BLEND_ON ok=1
Cmd: compileSnippet
  api=4 type=1 insize=25021 outsize=10821 kw=DIRECTIONAL SHADOWS_OFF LIGHTMAP_ON DIRLIGHTMAP_ON MARMO_BOX_PROJECTION_OFF MARMO_SKY_BLEND_ON ok=1
Cmd: compileSnippet
  api=0 type=1 insize=25021 outsize=6 kw=DIRECTIONAL SHADOWS_SCREEN LIGHTMAP_ON DIRLIGHTMAP_ON MARMO_SKY_BLEND_OFF MARMO_BOX_PROJECTION_ON ok=1
Cmd: compileSnippet
  api=1 type=1 insize=25021 outsize=3550 kw=DIRECTIONAL SHADOWS_SCREEN LIGHTMAP_ON DIRLIGHTMAP_ON MARMO_SKY_BLEND_OFF MARMO_BOX_PROJECTION_ON ok=1
Cmd: compileSnippet
  api=4 type=1 insize=25021 outsize=12251 kw=DIRECTIONAL SHADOWS_OFF LIGHTMAP_ON DIRLIGHTMAP_OFF MARMO_BOX_PROJECTION_ON MARMO_SKY_BLEND_ON ok=1
Cmd: compileSnippet
  api=0 type=1 insize=14075 outsize=6 kw=POINT_COOKIE SHADOWS_OFF MARMO_BOX_PROJECTION_OFF MARMO_SKY_BLEND_OFF ok=1
Cmd: compileSnippet
  api=1 type=1 insize=14075 outsize=1820 kw=DIRECTIONAL_COOKIE SHADOWS_OFF MARMO_BOX_PROJECTION_OFF MARMO_SKY_BLEND_OFF ok=1
Cmd: compileSnippet
  api=0 type=1 insize=14075 outsize=6 kw=SPOT SHADOWS_DEPTH SHADOWS_NATIVE MARMO_BOX_PROJECTION_OFF MARMO_SKY_BLEND_OFF ok=1
Cmd: compileSnippet
  api=0 type=1 insize=14075 outsize=6 kw=DIRECTIONAL SHADOWS_SCREEN MARMO_BOX_PROJECTION_OFF MARMO_SKY_BLEND_OFF ok=1
Cmd: compileSnippet
  api=1 type=1 insize=14075 outsize=1818 kw=DIRECTIONAL SHADOWS_SCREEN MARMO_BOX_PROJECTION_OFF MARMO_SKY_BLEND_OFF ok=1
Cmd: compileSnippet
  api=1 type=1 insize=14075 outsize=2194 kw=POINT SHADOWS_CUBE MARMO_BOX_PROJECTION_OFF MARMO_SKY_BLEND_OFF ok=1
Cmd: compileSnippet
  api=4 type=1 insize=14075 outsize=6498 kw=SPOT SHADOWS_DEPTH SHADOWS_SOFT MARMO_BOX_PROJECTION_OFF MARMO_SKY_BLEND_OFF ok=1
Cmd: compileSnippet
  api=0 type=1 insize=14075 outsize=6 kw=DIRECTIONAL SHADOWS_OFF MARMO_BOX_PROJECTION_OFF MARMO_SKY_BLEND_ON ok=1
Cmd: compileSnippet
  api=4 type=1 insize=14075 outsize=4646 kw=DIRECTIONAL SHADOWS_OFF MARMO_BOX_PROJECTION_OFF MARMO_SKY_BLEND_ON ok=1
Cmd: compileSnippet
  api=4 type=1 insize=14075 outsize=5946 kw=SPOT SHADOWS_DEPTH MARMO_BOX_PROJECTION_OFF MARMO_SKY_BLEND_ON ok=1
Cmd: compileSnippet
  api=0 type=1 insize=14075 outsize=6 kw=POINT_COOKIE SHADOWS_CUBE MARMO_BOX_PROJECTION_OFF MARMO_SKY_BLEND_ON ok=1
Cmd: compileSnippet
  api=4 type=1 insize=14075 outsize=5913 kw=POINT_COOKIE SHADOWS_CUBE MARMO_BOX_PROJECTION_OFF MARMO_SKY_BLEND_ON ok=1
Cmd: compileSnippet
  api=4 type=1 insize=14075 outsize=4808 kw=POINT SHADOWS_OFF MARMO_SKY_BLEND_OFF MARMO_BOX_PROJECTION_ON ok=1
Cmd: compileSnippet
  api=0 type=1 insize=14075 outsize=6 kw=SPOT SHADOWS_DEPTH SHADOWS_NATIVE MARMO_SKY_BLEND_OFF MARMO_BOX_PROJECTION_ON ok=1
Cmd: compileSnippet
  api=1 type=1 insize=14075 outsize=2186 kw=SPOT SHADOWS_DEPTH SHADOWS_NATIVE MARMO_SKY_BLEND_OFF MARMO_BOX_PROJECTION_ON ok=1
Cmd: compileSnippet
  api=0 type=1 insize=14075 outsize=6 kw=POINT SHADOWS_CUBE MARMO_SKY_BLEND_OFF MARMO_BOX_PROJECTION_ON ok=1
Cmd: compileSnippet
  api=1 type=1 insize=14075 outsize=2199 kw=POINT SHADOWS_CUBE MARMO_SKY_BLEND_OFF MARMO_BOX_PROJECTION_ON ok=1
Cmd: compileSnippet
  api=4 type=1 insize=14075 outsize=6498 kw=SPOT SHADOWS_DEPTH SHADOWS_SOFT MARMO_SKY_BLEND_OFF MARMO_BOX_PROJECTION_ON ok=1
Cmd: compileSnippet
  api=4 type=1 insize=14075 outsize=5458 kw=SPOT SHADOWS_OFF MARMO_BOX_PROJECTION_ON MARMO_SKY_BLEND_ON ok=1
Cmd: compileSnippet
  api=1 type=1 insize=14075 outsize=1918 kw=DIRECTIONAL SHADOWS_SCREEN MARMO_BOX_PROJECTION_ON MARMO_SKY_BLEND_ON ok=1
Cmd: compileSnippet
  api=4 type=1 insize=14075 outsize=5727 kw=POINT SHADOWS_CUBE MARMO_BOX_PROJECTION_ON MARMO_SKY_BLEND_ON ok=1
Cmd: compileSnippet
  api=1 type=1 insize=11924 outsize=291 kw=MARMO_BOX_PROJECTION_OFF MARMO_SKY_BLEND_ON ok=1
Cmd: compileSnippet
  api=0 type=0 insize=22342 outsize=7267 kw=LIGHTMAP_ON DIRLIGHTMAP_ON MARMO_BOX_PROJECTION_OFF MARMO_SKY_BLEND_OFF HDR_LIGHT_PREPASS_OFF ok=1
Cmd: compileSnippet
  api=1 type=0 insize=22342 outsize=1155 kw=LIGHTMAP_ON DIRLIGHTMAP_OFF HDR_LIGHT_PREPASS_ON MARMO_BOX_PROJECTION_OFF MARMO_SKY_BLEND_ON ok=1
Cmd: compileSnippet
  api=4 type=0 insize=22342 outsize=3655 kw=LIGHTMAP_ON DIRLIGHTMAP_ON HDR_LIGHT_PREPASS_ON MARMO_BOX_PROJECTION_OFF MARMO_SKY_BLEND_ON ok=1
Cmd: compileSnippet
  api=1 type=0 insize=22342 outsize=1029 kw=LIGHTMAP_ON DIRLIGHTMAP_ON MARMO_SKY_BLEND_OFF MARMO_BOX_PROJECTION_ON HDR_LIGHT_PREPASS_OFF ok=1
Cmd: compileSnippet
  api=0 type=0 insize=22342 outsize=8363 kw=LIGHTMAP_ON DIRLIGHTMAP_ON HDR_LIGHT_PREPASS_ON MARMO_SKY_BLEND_OFF MARMO_BOX_PROJECTION_ON ok=1
Cmd: compileSnippet
  api=1 type=0 insize=22342 outsize=1029 kw=LIGHTMAP_ON DIRLIGHTMAP_ON HDR_LIGHT_PREPASS_ON MARMO_BOX_PROJECTION_ON MARMO_SKY_BLEND_ON ok=1
Cmd: compileSnippet
  api=4 type=1 insize=22342 outsize=8172 kw=LIGHTMAP_ON DIRLIGHTMAP_ON MARMO_BOX_PROJECTION_OFF MARMO_SKY_BLEND_OFF HDR_LIGHT_PREPASS_OFF ok=1
Cmd: compileSnippet
  api=4 type=1 insize=22342 outsize=9618 kw=LIGHTMAP_OFF DIRLIGHTMAP_OFF HDR_LIGHT_PREPASS_ON MARMO_BOX_PROJECTION_OFF MARMO_SKY_BLEND_ON ok=1
Cmd: compileSnippet
  api=0 type=1 insize=22342 outsize=6 kw=LIGHTMAP_OFF DIRLIGHTMAP_OFF HDR_LIGHT_PREPASS_ON MARMO_SKY_BLEND_OFF MARMO_BOX_PROJECTION_ON ok=1
Cmd: compileSnippet
  api=1 type=1 insize=22342 outsize=2778 kw=LIGHTMAP_OFF DIRLIGHTMAP_OFF HDR_LIGHT_PREPASS_ON MARMO_SKY_BLEND_OFF MARMO_BOX_PROJECTION_ON ok=1
Cmd: compileSnippet
  api=4 type=1 insize=22342 outsize=9131 kw=LIGHTMAP_ON DIRLIGHTMAP_OFF HDR_LIGHT_PREPASS_ON MARMO_SKY_BLEND_OFF MARMO_BOX_PROJECTION_ON ok=1
Cmd: compileSnippet
  api=4 type=1 insize=22342 outsize=13600 kw=LIGHTMAP_ON DIRLIGHTMAP_OFF HDR_LIGHT_PREPASS_ON MARMO_BOX_PROJECTION_ON MARMO_SKY_BLEND_ON ok=1
Cmd: compileSnippet
  api=8 type=1 insize=3154 outsize=2064 kw= ok=1
Cmd: compileSnippet
  api=1 type=1 insize=3153 outsize=332 kw= ok=1
Cmd: compileSnippet
  api=0 type=1 insize=3198 outsize=1916 kw= ok=1
Cmd: compileSnippet
  api=1 type=1 insize=1251 outsize=374 kw= ok=1
Cmd: compileSnippet
  api=1 type=1 insize=1354 outsize=582 kw= ok=1
Cmd: compileSnippet
  api=0 type=1 insize=1008 outsize=259 kw= ok=1
Cmd: compileSnippet
  api=0 type=0 insize=1171 outsize=604 kw= ok=1
Cmd: compileSnippet
  api=8 type=1 insize=3253 outsize=1698 kw= ok=1
Cmd: compileSnippet
  api=8 type=0 insize=3267 outsize=2462 kw= ok=1
Cmd: compileSnippet
  api=0 type=1 insize=3259 outsize=328 kw= ok=1
Cmd: compileSnippet
  api=0 type=1 insize=3256 outsize=256 kw= ok=1
Cmd: compileSnippet
  api=0 type=1 insize=3261 outsize=214 kw= ok=1
Cmd: compileSnippet
  api=0 type=0 insize=3253 outsize=375 kw= ok=1
Cmd: compileSnippet
  api=0 type=1 insize=4698 outsize=296 kw= ok=1
Cmd: compileSnippet
  api=8 type=0 insize=4713 outsize=2990 kw= ok=1
Cmd: compileSnippet
  api=8 type=0 insize=4708 outsize=2990 kw= ok=1
Cmd: compileSnippet
  api=1 type=0 insize=4714 outsize=452 kw= ok=1
Unhandled exception: Readfile from pipe failed. GLE=The pipe has been ended.


Quitting shader compiler process
