Base path: K:/Program Files (x86)/Unity/Editor/Data
Pipe name: \\.\pipe\UnityShaderCompiler-7-9260
Cmd: getPlatforms
Cmd: compileSnippet
  api=1 type=0 insize=25021 outsize=1059 kw=DIRECTIONAL SHADOWS_OFF LIGHTMAP_OFF DIRLIGHTMAP_OFF MARMO_BOX_PROJECTION_OFF MARMO_SKY_BLEND_OFF ok=1
Cmd: compileSnippet
  api=4 type=0 insize=25021 outsize=5897 kw=DIRECTIONAL SHADOWS_SCREEN LIGHTMAP_OFF DIRLIGHTMAP_OFF VERTEXLIGHT_ON MARMO_BOX_PROJECTION_OFF MARMO_SKY_BLEND_OFF ok=1
Cmd: compileSnippet
  api=4 type=0 insize=25021 outsize=5540 kw=DIRECTIONAL SHADOWS_OFF LIGHTMAP_OFF DIRLIGHTMAP_OFF VERTEXLIGHT_ON MARMO_BOX_PROJECTION_OFF MARMO_SKY_BLEND_ON ok=1
Cmd: compileSnippet
  api=1 type=0 insize=25021 outsize=1091 kw=DIRECTIONAL SHADOWS_OFF LIGHTMAP_OFF DIRLIGHTMAP_OFF MARMO_SKY_BLEND_OFF MARMO_BOX_PROJECTION_ON ok=1
Cmd: compileSnippet
  api=1 type=0 insize=25021 outsize=1620 kw=DIRECTIONAL SHADOWS_OFF LIGHTMAP_OFF DIRLIGHTMAP_OFF VERTEXLIGHT_ON MARMO_SKY_BLEND_OFF MARMO_BOX_PROJECTION_ON ok=1
Cmd: compileSnippet
  api=0 type=0 insize=25021 outsize=9313 kw=DIRECTIONAL SHADOWS_SCREEN LIGHTMAP_OFF DIRLIGHTMAP_OFF VERTEXLIGHT_ON MARMO_SKY_BLEND_OFF MARMO_BOX_PROJECTION_ON ok=1
Cmd: compileSnippet
  api=0 type=0 insize=14075 outsize=3578 kw=POINT SHADOWS_OFF MARMO_BOX_PROJECTION_OFF MARMO_SKY_BLEND_OFF ok=1
Cmd: compileSnippet
  api=4 type=0 insize=14075 outsize=3622 kw=SPOT SHADOWS_DEPTH SHADOWS_NATIVE MARMO_BOX_PROJECTION_OFF MARMO_SKY_BLEND_OFF ok=1
Cmd: compileSnippet
  api=4 type=0 insize=14075 outsize=3541 kw=DIRECTIONAL_COOKIE SHADOWS_SCREEN MARMO_BOX_PROJECTION_OFF MARMO_SKY_BLEND_OFF ok=1
Cmd: compileSnippet
  api=1 type=0 insize=14075 outsize=574 kw=POINT_COOKIE SHADOWS_CUBE MARMO_BOX_PROJECTION_OFF MARMO_SKY_BLEND_OFF ok=1
Cmd: compileSnippet
  api=4 type=0 insize=14075 outsize=3622 kw=SPOT SHADOWS_DEPTH SHADOWS_SOFT SHADOWS_NATIVE MARMO_BOX_PROJECTION_OFF MARMO_SKY_BLEND_OFF ok=1
Cmd: compileSnippet
  api=0 type=0 insize=14075 outsize=5700 kw=POINT_COOKIE SHADOWS_CUBE SHADOWS_SOFT MARMO_BOX_PROJECTION_OFF MARMO_SKY_BLEND_OFF ok=1
Cmd: compileSnippet
  api=1 type=0 insize=14075 outsize=513 kw=DIRECTIONAL_COOKIE SHADOWS_OFF MARMO_BOX_PROJECTION_OFF MARMO_SKY_BLEND_ON ok=1
Cmd: compileSnippet
  api=1 type=0 insize=14075 outsize=644 kw=SPOT SHADOWS_DEPTH SHADOWS_NATIVE MARMO_BOX_PROJECTION_OFF MARMO_SKY_BLEND_ON ok=1
Cmd: compileSnippet
  api=4 type=0 insize=14075 outsize=2850 kw=DIRECTIONAL SHADOWS_SCREEN MARMO_BOX_PROJECTION_OFF MARMO_SKY_BLEND_ON ok=1
Cmd: compileSnippet
  api=4 type=0 insize=14075 outsize=3541 kw=DIRECTIONAL_COOKIE SHADOWS_SCREEN MARMO_BOX_PROJECTION_OFF MARMO_SKY_BLEND_ON ok=1
Cmd: compileSnippet
  api=1 type=0 insize=14075 outsize=574 kw=POINT_COOKIE SHADOWS_CUBE MARMO_BOX_PROJECTION_OFF MARMO_SKY_BLEND_ON ok=1
Cmd: compileSnippet
  api=0 type=0 insize=14075 outsize=4762 kw=SPOT SHADOWS_DEPTH SHADOWS_SOFT SHADOWS_NATIVE MARMO_BOX_PROJECTION_OFF MARMO_SKY_BLEND_ON ok=1
Cmd: compileSnippet
  api=0 type=0 insize=14075 outsize=3666 kw=POINT_COOKIE SHADOWS_OFF MARMO_SKY_BLEND_OFF MARMO_BOX_PROJECTION_ON ok=1
Cmd: compileSnippet
  api=0 type=0 insize=14075 outsize=3961 kw=DIRECTIONAL_COOKIE SHADOWS_SCREEN MARMO_SKY_BLEND_OFF MARMO_BOX_PROJECTION_ON ok=1
Cmd: compileSnippet
  api=4 type=0 insize=14075 outsize=3622 kw=SPOT SHADOWS_DEPTH SHADOWS_SOFT SHADOWS_NATIVE MARMO_SKY_BLEND_OFF MARMO_BOX_PROJECTION_ON ok=1
Cmd: compileSnippet
  api=1 type=0 insize=14075 outsize=574 kw=POINT_COOKIE SHADOWS_CUBE SHADOWS_SOFT MARMO_SKY_BLEND_OFF MARMO_BOX_PROJECTION_ON ok=1
Cmd: compileSnippet
  api=0 type=0 insize=14075 outsize=3414 kw=DIRECTIONAL SHADOWS_OFF MARMO_BOX_PROJECTION_ON MARMO_SKY_BLEND_ON ok=1
Cmd: compileSnippet
  api=0 type=0 insize=14075 outsize=4224 kw=SPOT SHADOWS_DEPTH SHADOWS_NATIVE MARMO_BOX_PROJECTION_ON MARMO_SKY_BLEND_ON ok=1
Cmd: compileSnippet
  api=1 type=0 insize=14075 outsize=644 kw=SPOT SHADOWS_DEPTH SHADOWS_SOFT MARMO_BOX_PROJECTION_ON MARMO_SKY_BLEND_ON ok=1
Cmd: compileSnippet
  api=4 type=0 insize=14075 outsize=3622 kw=SPOT SHADOWS_DEPTH SHADOWS_SOFT SHADOWS_NATIVE MARMO_BOX_PROJECTION_ON MARMO_SKY_BLEND_ON ok=1
Cmd: compileSnippet
  api=1 type=0 insize=14075 outsize=574 kw=POINT_COOKIE SHADOWS_CUBE SHADOWS_SOFT MARMO_BOX_PROJECTION_ON MARMO_SKY_BLEND_ON ok=1
Cmd: compileSnippet
  api=0 type=0 insize=11924 outsize=2286 kw=MARMO_BOX_PROJECTION_ON MARMO_SKY_BLEND_ON ok=1
Cmd: compileSnippet
  api=4 type=0 insize=22342 outsize=4378 kw=LIGHTMAP_OFF DIRLIGHTMAP_OFF HDR_LIGHT_PREPASS_ON MARMO_BOX_PROJECTION_OFF MARMO_SKY_BLEND_OFF ok=1
Cmd: compileSnippet
  api=1 type=0 insize=22342 outsize=1292 kw=LIGHTMAP_OFF DIRLIGHTMAP_OFF MARMO_SKY_BLEND_OFF MARMO_BOX_PROJECTION_ON HDR_LIGHT_PREPASS_OFF ok=1
Cmd: compileSnippet
  api=1 type=0 insize=22342 outsize=1292 kw=LIGHTMAP_OFF DIRLIGHTMAP_OFF MARMO_BOX_PROJECTION_ON MARMO_SKY_BLEND_ON HDR_LIGHT_PREPASS_OFF ok=1
Cmd: compileSnippet
  api=1 type=0 insize=25021 outsize=820 kw=DIRECTIONAL SHADOWS_OFF LIGHTMAP_ON DIRLIGHTMAP_ON MARMO_BOX_PROJECTION_OFF MARMO_SKY_BLEND_OFF ok=1
Cmd: compileSnippet
  api=0 type=0 insize=25021 outsize=9032 kw=DIRECTIONAL SHADOWS_OFF LIGHTMAP_ON DIRLIGHTMAP_ON MARMO_BOX_PROJECTION_OFF MARMO_SKY_BLEND_ON ok=1
Cmd: compileSnippet
  api=1 type=0 insize=25021 outsize=888 kw=DIRECTIONAL SHADOWS_OFF LIGHTMAP_ON DIRLIGHTMAP_ON MARMO_SKY_BLEND_OFF MARMO_BOX_PROJECTION_ON ok=1
Cmd: compileSnippet
  api=1 type=0 insize=25021 outsize=1029 kw=DIRECTIONAL SHADOWS_SCREEN LIGHTMAP_ON DIRLIGHTMAP_ON MARMO_SKY_BLEND_OFF MARMO_BOX_PROJECTION_ON ok=1
Cmd: compileSnippet
  api=4 type=0 insize=25021 outsize=3403 kw=DIRECTIONAL SHADOWS_OFF LIGHTMAP_ON DIRLIGHTMAP_OFF MARMO_BOX_PROJECTION_ON MARMO_SKY_BLEND_ON ok=1
Cmd: compileSnippet
  api=0 type=0 insize=25021 outsize=10572 kw=DIRECTIONAL SHADOWS_SCREEN LIGHTMAP_ON DIRLIGHTMAP_OFF MARMO_BOX_PROJECTION_ON MARMO_SKY_BLEND_ON ok=1
Cmd: compileSnippet
  api=1 type=1 insize=25021 outsize=2233 kw=DIRECTIONAL SHADOWS_OFF LIGHTMAP_ON DIRLIGHTMAP_OFF MARMO_BOX_PROJECTION_OFF MARMO_SKY_BLEND_OFF ok=1
Cmd: compileSnippet
  api=4 type=1 insize=25021 outsize=6783 kw=DIRECTIONAL SHADOWS_SCREEN LIGHTMAP_ON DIRLIGHTMAP_OFF MARMO_BOX_PROJECTION_OFF MARMO_SKY_BLEND_OFF ok=1
Cmd: compileSnippet
  api=4 type=1 insize=25021 outsize=10870 kw=DIRECTIONAL SHADOWS_SCREEN LIGHTMAP_OFF DIRLIGHTMAP_OFF MARMO_BOX_PROJECTION_OFF MARMO_SKY_BLEND_ON ok=1
Cmd: compileSnippet
  api=0 type=1 insize=25021 outsize=6 kw=DIRECTIONAL SHADOWS_OFF LIGHTMAP_OFF DIRLIGHTMAP_OFF MARMO_BOX_PROJECTION_ON MARMO_SKY_BLEND_ON ok=1
Cmd: compileSnippet
  api=1 type=1 insize=25021 outsize=4449 kw=DIRECTIONAL SHADOWS_OFF LIGHTMAP_OFF DIRLIGHTMAP_OFF MARMO_BOX_PROJECTION_ON MARMO_SKY_BLEND_ON ok=1
Cmd: compileSnippet
  api=4 type=1 insize=25021 outsize=13803 kw=DIRECTIONAL SHADOWS_SCREEN LIGHTMAP_OFF DIRLIGHTMAP_OFF MARMO_BOX_PROJECTION_ON MARMO_SKY_BLEND_ON ok=1
Cmd: compileSnippet
  api=1 type=1 insize=14075 outsize=1891 kw=POINT SHADOWS_OFF MARMO_BOX_PROJECTION_OFF MARMO_SKY_BLEND_OFF ok=1
Cmd: compileSnippet
  api=1 type=1 insize=14075 outsize=2202 kw=SPOT SHADOWS_DEPTH MARMO_BOX_PROJECTION_OFF MARMO_SKY_BLEND_OFF ok=1
Cmd: compileSnippet
  api=4 type=1 insize=14075 outsize=5068 kw=DIRECTIONAL_COOKIE SHADOWS_SCREEN MARMO_BOX_PROJECTION_OFF MARMO_SKY_BLEND_OFF ok=1
Cmd: compileSnippet
  api=4 type=1 insize=14075 outsize=6433 kw=SPOT SHADOWS_DEPTH SHADOWS_SOFT SHADOWS_NATIVE MARMO_BOX_PROJECTION_OFF MARMO_SKY_BLEND_OFF ok=1
Cmd: compileSnippet
  api=4 type=1 insize=14075 outsize=5458 kw=SPOT SHADOWS_OFF MARMO_BOX_PROJECTION_OFF MARMO_SKY_BLEND_ON ok=1
Cmd: compileSnippet
  api=0 type=1 insize=14075 outsize=6 kw=SPOT SHADOWS_DEPTH SHADOWS_SOFT MARMO_BOX_PROJECTION_OFF MARMO_SKY_BLEND_ON ok=1
Cmd: compileSnippet
  api=4 type=1 insize=14075 outsize=6653 kw=SPOT SHADOWS_DEPTH SHADOWS_SOFT MARMO_BOX_PROJECTION_OFF MARMO_SKY_BLEND_ON ok=1
Cmd: compileSnippet
  api=4 type=1 insize=14075 outsize=5304 kw=SPOT SHADOWS_OFF MARMO_SKY_BLEND_OFF MARMO_BOX_PROJECTION_ON ok=1
Cmd: compileSnippet
  api=0 type=1 insize=14075 outsize=6 kw=DIRECTIONAL_COOKIE SHADOWS_SCREEN MARMO_SKY_BLEND_OFF MARMO_BOX_PROJECTION_ON ok=1
Cmd: compileSnippet
  api=1 type=1 insize=14075 outsize=1890 kw=DIRECTIONAL_COOKIE SHADOWS_SCREEN MARMO_SKY_BLEND_OFF MARMO_BOX_PROJECTION_ON ok=1
Cmd: compileSnippet
  api=0 type=1 insize=14075 outsize=6 kw=SPOT SHADOWS_DEPTH SHADOWS_SOFT MARMO_SKY_BLEND_OFF MARMO_BOX_PROJECTION_ON ok=1
Cmd: compileSnippet
  api=1 type=1 insize=14075 outsize=2460 kw=SPOT SHADOWS_DEPTH SHADOWS_SOFT MARMO_SKY_BLEND_OFF MARMO_BOX_PROJECTION_ON ok=1
Cmd: compileSnippet
  api=4 type=1 insize=14075 outsize=6466 kw=POINT SHADOWS_CUBE SHADOWS_SOFT MARMO_SKY_BLEND_OFF MARMO_BOX_PROJECTION_ON ok=1
Cmd: compileSnippet
  api=0 type=1 insize=14075 outsize=6 kw=SPOT SHADOWS_DEPTH MARMO_BOX_PROJECTION_ON MARMO_SKY_BLEND_ON ok=1
Cmd: compileSnippet
  api=1 type=1 insize=14075 outsize=2302 kw=SPOT SHADOWS_DEPTH MARMO_BOX_PROJECTION_ON MARMO_SKY_BLEND_ON ok=1
Cmd: compileSnippet
  api=0 type=1 insize=14075 outsize=6 kw=POINT SHADOWS_CUBE MARMO_BOX_PROJECTION_ON MARMO_SKY_BLEND_ON ok=1
Cmd: compileSnippet
  api=1 type=1 insize=14075 outsize=2291 kw=POINT SHADOWS_CUBE MARMO_BOX_PROJECTION_ON MARMO_SKY_BLEND_ON ok=1
Cmd: compileSnippet
  api=4 type=1 insize=14075 outsize=6653 kw=SPOT SHADOWS_DEPTH SHADOWS_SOFT MARMO_BOX_PROJECTION_ON MARMO_SKY_BLEND_ON ok=1
Cmd: compileSnippet
  api=0 type=1 insize=11924 outsize=6 kw=MARMO_BOX_PROJECTION_ON MARMO_SKY_BLEND_ON ok=1
Cmd: compileSnippet
  api=4 type=0 insize=22342 outsize=3655 kw=LIGHTMAP_ON DIRLIGHTMAP_ON MARMO_BOX_PROJECTION_OFF MARMO_SKY_BLEND_OFF HDR_LIGHT_PREPASS_OFF ok=1
Cmd: compileSnippet
  api=0 type=0 insize=22342 outsize=7258 kw=LIGHTMAP_ON DIRLIGHTMAP_ON HDR_LIGHT_PREPASS_ON MARMO_BOX_PROJECTION_OFF MARMO_SKY_BLEND_OFF ok=1
Cmd: compileSnippet
  api=1 type=0 insize=22342 outsize=1187 kw=LIGHTMAP_ON DIRLIGHTMAP_OFF MARMO_SKY_BLEND_OFF MARMO_BOX_PROJECTION_ON HDR_LIGHT_PREPASS_OFF ok=1
Cmd: compileSnippet
  api=4 type=0 insize=22342 outsize=4037 kw=LIGHTMAP_ON DIRLIGHTMAP_ON MARMO_SKY_BLEND_OFF MARMO_BOX_PROJECTION_ON HDR_LIGHT_PREPASS_OFF ok=1
Cmd: compileSnippet
  api=1 type=0 insize=22342 outsize=1029 kw=LIGHTMAP_ON DIRLIGHTMAP_ON HDR_LIGHT_PREPASS_ON MARMO_SKY_BLEND_OFF MARMO_BOX_PROJECTION_ON ok=1
Cmd: compileSnippet
  api=0 type=0 insize=22342 outsize=11784 kw=LIGHTMAP_ON DIRLIGHTMAP_ON MARMO_BOX_PROJECTION_ON MARMO_SKY_BLEND_ON HDR_LIGHT_PREPASS_OFF ok=1
Cmd: compileSnippet
  api=1 type=1 insize=22342 outsize=3170 kw=LIGHTMAP_ON DIRLIGHTMAP_ON MARMO_BOX_PROJECTION_OFF MARMO_SKY_BLEND_OFF HDR_LIGHT_PREPASS_OFF ok=1
Cmd: compileSnippet
  api=4 type=1 insize=22342 outsize=8123 kw=LIGHTMAP_ON DIRLIGHTMAP_ON HDR_LIGHT_PREPASS_ON MARMO_BOX_PROJECTION_OFF MARMO_SKY_BLEND_OFF ok=1
Cmd: compileSnippet
  api=0 type=1 insize=22342 outsize=6 kw=LIGHTMAP_ON DIRLIGHTMAP_ON HDR_LIGHT_PREPASS_ON MARMO_BOX_PROJECTION_OFF MARMO_SKY_BLEND_ON ok=1
Cmd: compileSnippet
  api=1 type=1 insize=22342 outsize=4101 kw=LIGHTMAP_ON DIRLIGHTMAP_ON HDR_LIGHT_PREPASS_ON MARMO_BOX_PROJECTION_OFF MARMO_SKY_BLEND_ON ok=1
Cmd: compileSnippet
  api=0 type=1 insize=22342 outsize=6 kw=LIGHTMAP_ON DIRLIGHTMAP_OFF MARMO_SKY_BLEND_OFF MARMO_BOX_PROJECTION_ON HDR_LIGHT_PREPASS_OFF ok=1
Cmd: compileSnippet
  api=1 type=1 insize=22342 outsize=3145 kw=LIGHTMAP_ON DIRLIGHTMAP_OFF MARMO_SKY_BLEND_OFF MARMO_BOX_PROJECTION_ON HDR_LIGHT_PREPASS_OFF ok=1
Cmd: compileSnippet
  api=4 type=1 insize=22342 outsize=9716 kw=LIGHTMAP_ON DIRLIGHTMAP_ON MARMO_SKY_BLEND_OFF MARMO_BOX_PROJECTION_ON HDR_LIGHT_PREPASS_OFF ok=1
Cmd: compileSnippet
  api=0 type=1 insize=22342 outsize=6 kw=LIGHTMAP_OFF DIRLIGHTMAP_OFF HDR_LIGHT_PREPASS_ON MARMO_BOX_PROJECTION_ON MARMO_SKY_BLEND_ON ok=1
Cmd: compileSnippet
  api=1 type=1 insize=22342 outsize=4025 kw=LIGHTMAP_OFF DIRLIGHTMAP_OFF HDR_LIGHT_PREPASS_ON MARMO_BOX_PROJECTION_ON MARMO_SKY_BLEND_ON ok=1
Cmd: compileSnippet
  api=1 type=1 insize=22342 outsize=4731 kw=LIGHTMAP_ON DIRLIGHTMAP_ON HDR_LIGHT_PREPASS_ON MARMO_BOX_PROJECTION_ON MARMO_SKY_BLEND_ON ok=1
Cmd: compileSnippet
  api=1 type=0 insize=3154 outsize=132 kw= ok=1
Cmd: compileSnippet
  api=8 type=0 insize=1251 outsize=1958 kw= ok=1
Cmd: compileSnippet
  api=1 type=0 insize=1008 outsize=132 kw= ok=1
Cmd: compileSnippet
  api=0 type=0 insize=1007 outsize=328 kw= ok=1
Cmd: compileSnippet
  api=8 type=1 insize=1171 outsize=1983 kw= ok=1
Cmd: compileSnippet
  api=1 type=0 insize=3253 outsize=335 kw= ok=1
Cmd: compileSnippet
  api=8 type=0 insize=3251 outsize=2023 kw= ok=1
Cmd: compileSnippet
  api=8 type=1 insize=3251 outsize=1325 kw= ok=1
Cmd: compileSnippet
  api=0 type=1 insize=3259 outsize=213 kw= ok=1
Cmd: compileSnippet
  api=1 type=1 insize=3256 outsize=120 kw= ok=1
Cmd: compileSnippet
  api=1 type=1 insize=3268 outsize=242 kw= ok=1
Cmd: compileSnippet
  api=1 type=0 insize=3258 outsize=335 kw= ok=1
Cmd: compileSnippet
  api=8 type=0 insize=4698 outsize=1438 kw= ok=1
Cmd: compileSnippet
  api=0 type=0 insize=4703 outsize=753 kw= ok=1
Cmd: compileSnippet
  api=0 type=0 insize=4713 outsize=757 kw= ok=1
Cmd: compileSnippet
  api=1 type=0 insize=4708 outsize=363 kw= ok=1
Cmd: compileSnippet
  api=8 type=0 insize=4714 outsize=2495 kw= ok=1
Unhandled exception: Readfile from pipe failed. GLE=The pipe has been ended.


Quitting shader compiler process
